[debug] [2023-03-06T17:55:49.497Z] ----------------------------------------------------------------------
[debug] [2023-03-06T17:55:49.498Z] Command:       /home/user/.nvm/versions/node/v16.13.0/bin/node /home/user/.nvm/versions/node/v16.13.0/bin/firebase init
[debug] [2023-03-06T17:55:49.499Z] CLI Version:   11.24.0
[debug] [2023-03-06T17:55:49.499Z] Platform:      linux
[debug] [2023-03-06T17:55:49.499Z] Node Version:  v16.13.0
[debug] [2023-03-06T17:55:49.499Z] Time:          Mon Mar 06 2023 19:55:49 GMT+0200 (GMT+02:00)
[debug] [2023-03-06T17:55:49.499Z] ----------------------------------------------------------------------
[debug] 
[debug] [2023-03-06T17:55:49.503Z] > command requires scopes: ["email","openid","https://www.googleapis.com/auth/cloudplatformprojects.readonly","https://www.googleapis.com/auth/firebase","https://www.googleapis.com/auth/cloud-platform"]
[debug] [2023-03-06T17:55:49.503Z] > authorizing via signed-in user (yevhenliuklian@gmail.com)
[info] 
     ######## #### ########  ######## ########     ###     ######  ########
     ##        ##  ##     ## ##       ##     ##  ##   ##  ##       ##
     ######    ##  ########  ######   ########  #########  ######  ######
     ##        ##  ##    ##  ##       ##     ## ##     ##       ## ##
     ##       #### ##     ## ######## ########  ##     ##  ######  ########

You're about to initialize a Firebase project in this directory:

  /home/user/learnprojects/vitechchatapp

[info] 
=== Project Setup
[info] 
[info] First, let's associate this project directory with a Firebase project.
[info] You can create multiple project aliases by running firebase use --add, 
[info] but for now we'll just set up a default project.
[info] 
[debug] [2023-03-06T17:58:51.855Z] >>> [apiv2][query] GET https://firebase.googleapis.com/v1beta1/projects pageSize=100
[debug] [2023-03-06T17:58:53.034Z] <<< [apiv2][status] GET https://firebase.googleapis.com/v1beta1/projects 200
[debug] [2023-03-06T17:58:53.034Z] <<< [apiv2][body] GET https://firebase.googleapis.com/v1beta1/projects [omitted]
[info] i  Using project vitech-chat-app (Vitech chat app) 
[info] 
=== Functions Setup
[debug] [2023-03-06T17:58:56.714Z] > command requires scopes: ["email","openid","https://www.googleapis.com/auth/cloudplatformprojects.readonly","https://www.googleapis.com/auth/firebase","https://www.googleapis.com/auth/cloud-platform"]
[debug] [2023-03-06T17:58:56.714Z] > authorizing via signed-in user (yevhenliuklian@gmail.com)
[debug] [2023-03-06T17:58:56.715Z] [iam] checking project vitech-chat-app for permissions ["firebase.projects.get"]
[debug] [2023-03-06T17:58:56.716Z] >>> [apiv2][query] POST https://cloudresourcemanager.googleapis.com/v1/projects/vitech-chat-app:testIamPermissions [none]
[debug] [2023-03-06T17:58:56.716Z] >>> [apiv2][(partial)header] POST https://cloudresourcemanager.googleapis.com/v1/projects/vitech-chat-app:testIamPermissions x-goog-quota-user=projects/vitech-chat-app
[debug] [2023-03-06T17:58:56.716Z] >>> [apiv2][body] POST https://cloudresourcemanager.googleapis.com/v1/projects/vitech-chat-app:testIamPermissions {"permissions":["firebase.projects.get"]}
[debug] [2023-03-06T17:58:57.633Z] <<< [apiv2][status] POST https://cloudresourcemanager.googleapis.com/v1/projects/vitech-chat-app:testIamPermissions 200
[debug] [2023-03-06T17:58:57.633Z] <<< [apiv2][body] POST https://cloudresourcemanager.googleapis.com/v1/projects/vitech-chat-app:testIamPermissions {"permissions":["firebase.projects.get"]}
[debug] [2023-03-06T17:58:57.634Z] >>> [apiv2][query] GET https://serviceusage.googleapis.com/v1/projects/vitech-chat-app/services/cloudfunctions.googleapis.com [none]
[debug] [2023-03-06T17:58:57.634Z] >>> [apiv2][(partial)header] GET https://serviceusage.googleapis.com/v1/projects/vitech-chat-app/services/cloudfunctions.googleapis.com x-goog-quota-user=projects/vitech-chat-app
[debug] [2023-03-06T17:58:57.635Z] >>> [apiv2][query] GET https://serviceusage.googleapis.com/v1/projects/vitech-chat-app/services/runtimeconfig.googleapis.com [none]
[debug] [2023-03-06T17:58:57.635Z] >>> [apiv2][(partial)header] GET https://serviceusage.googleapis.com/v1/projects/vitech-chat-app/services/runtimeconfig.googleapis.com x-goog-quota-user=projects/vitech-chat-app
[debug] [2023-03-06T17:58:59.216Z] <<< [apiv2][status] GET https://serviceusage.googleapis.com/v1/projects/vitech-chat-app/services/runtimeconfig.googleapis.com 200
[debug] [2023-03-06T17:58:59.216Z] <<< [apiv2][body] GET https://serviceusage.googleapis.com/v1/projects/vitech-chat-app/services/runtimeconfig.googleapis.com [omitted]
[debug] [2023-03-06T17:58:59.245Z] <<< [apiv2][status] GET https://serviceusage.googleapis.com/v1/projects/vitech-chat-app/services/cloudfunctions.googleapis.com 200
[debug] [2023-03-06T17:58:59.245Z] <<< [apiv2][body] GET https://serviceusage.googleapis.com/v1/projects/vitech-chat-app/services/cloudfunctions.googleapis.com [omitted]
[debug] [2023-03-06T17:58:59.246Z] >>> [apiv2][query] POST https://serviceusage.googleapis.com/v1/projects/vitech-chat-app/services/cloudfunctions.googleapis.com:enable [none]
[debug] [2023-03-06T17:58:59.246Z] >>> [apiv2][(partial)header] POST https://serviceusage.googleapis.com/v1/projects/vitech-chat-app/services/cloudfunctions.googleapis.com:enable x-goog-quota-user=projects/vitech-chat-app
[debug] [2023-03-06T17:59:01.221Z] <<< [apiv2][status] POST https://serviceusage.googleapis.com/v1/projects/vitech-chat-app/services/cloudfunctions.googleapis.com:enable 200
[debug] [2023-03-06T17:59:01.221Z] <<< [apiv2][body] POST https://serviceusage.googleapis.com/v1/projects/vitech-chat-app/services/cloudfunctions.googleapis.com:enable [omitted]
[debug] [2023-03-06T17:59:11.232Z] >>> [apiv2][query] GET https://serviceusage.googleapis.com/v1/projects/vitech-chat-app/services/cloudfunctions.googleapis.com [none]
[debug] [2023-03-06T17:59:11.232Z] >>> [apiv2][(partial)header] GET https://serviceusage.googleapis.com/v1/projects/vitech-chat-app/services/cloudfunctions.googleapis.com x-goog-quota-user=projects/vitech-chat-app
[debug] [2023-03-06T17:59:12.251Z] <<< [apiv2][status] GET https://serviceusage.googleapis.com/v1/projects/vitech-chat-app/services/cloudfunctions.googleapis.com 200
[debug] [2023-03-06T17:59:12.252Z] <<< [apiv2][body] GET https://serviceusage.googleapis.com/v1/projects/vitech-chat-app/services/cloudfunctions.googleapis.com [omitted]
[info] Let's create a new codebase for your functions.
[info] A directory corresponding to the codebase will be created in your project
[info] with sample code pre-configured.

[info] See https://firebase.google.com/docs/functions/organize-functions for
[info] more information on organizing your functions using codebases.

[info] Functions can be deployed with firebase deploy.

[info] ✔  Wrote functions/package.json 
[info] ✔  Wrote functions/.eslintrc.js 
[info] ✔  Wrote functions/index.js 
[info] ✔  Wrote functions/.gitignore 
[info] 
=== Hosting Setup
[info] 
[info] Your public directory is the folder (relative to your project directory) that
[info] will contain Hosting assets to be uploaded with firebase deploy. If you
[info] have a build process for your assets, use your build's output directory.
[info] 
[debug] [2023-03-06T18:00:36.122Z] ----------------------------------------------------------------------
[debug] [2023-03-06T18:00:36.123Z] Command:       /home/user/.nvm/versions/node/v16.13.0/bin/node /home/user/.nvm/versions/node/v16.13.0/bin/firebase init
[debug] [2023-03-06T18:00:36.124Z] CLI Version:   11.24.0
[debug] [2023-03-06T18:00:36.124Z] Platform:      linux
[debug] [2023-03-06T18:00:36.124Z] Node Version:  v16.13.0
[debug] [2023-03-06T18:00:36.124Z] Time:          Mon Mar 06 2023 20:00:36 GMT+0200 (GMT+02:00)
[debug] [2023-03-06T18:00:36.124Z] ----------------------------------------------------------------------
[debug] 
[debug] [2023-03-06T18:00:36.128Z] > command requires scopes: ["email","openid","https://www.googleapis.com/auth/cloudplatformprojects.readonly","https://www.googleapis.com/auth/firebase","https://www.googleapis.com/auth/cloud-platform"]
[debug] [2023-03-06T18:00:36.129Z] > authorizing via signed-in user (yevhenliuklian@gmail.com)
[info] 
     ######## #### ########  ######## ########     ###     ######  ########
     ##        ##  ##     ## ##       ##     ##  ##   ##  ##       ##
     ######    ##  ########  ######   ########  #########  ######  ######
     ##        ##  ##    ##  ##       ##     ## ##     ##       ## ##
     ##       #### ##     ## ######## ########  ##     ##  ######  ########

You're about to initialize a Firebase project in this directory:

  /home/user/learnprojects/vitechchatapp

[info] 
=== Project Setup
[info] 
[info] First, let's associate this project directory with a Firebase project.
[info] You can create multiple project aliases by running firebase use --add, 
[info] but for now we'll just set up a default project.
[info] 
[debug] [2023-03-06T18:01:07.990Z] >>> [apiv2][query] GET https://firebase.googleapis.com/v1beta1/projects pageSize=100
[debug] [2023-03-06T18:01:08.697Z] <<< [apiv2][status] GET https://firebase.googleapis.com/v1beta1/projects 200
[debug] [2023-03-06T18:01:08.698Z] <<< [apiv2][body] GET https://firebase.googleapis.com/v1beta1/projects [omitted]
[info] i  Using project vitech-chat-app (Vitech chat app) 
[info] 
=== Functions Setup
[debug] [2023-03-06T18:01:10.416Z] > command requires scopes: ["email","openid","https://www.googleapis.com/auth/cloudplatformprojects.readonly","https://www.googleapis.com/auth/firebase","https://www.googleapis.com/auth/cloud-platform"]
[debug] [2023-03-06T18:01:10.417Z] > authorizing via signed-in user (yevhenliuklian@gmail.com)
[debug] [2023-03-06T18:01:10.417Z] [iam] checking project vitech-chat-app for permissions ["firebase.projects.get"]
[debug] [2023-03-06T18:01:10.419Z] >>> [apiv2][query] POST https://cloudresourcemanager.googleapis.com/v1/projects/vitech-chat-app:testIamPermissions [none]
[debug] [2023-03-06T18:01:10.419Z] >>> [apiv2][(partial)header] POST https://cloudresourcemanager.googleapis.com/v1/projects/vitech-chat-app:testIamPermissions x-goog-quota-user=projects/vitech-chat-app
[debug] [2023-03-06T18:01:10.419Z] >>> [apiv2][body] POST https://cloudresourcemanager.googleapis.com/v1/projects/vitech-chat-app:testIamPermissions {"permissions":["firebase.projects.get"]}
[debug] [2023-03-06T18:01:11.247Z] <<< [apiv2][status] POST https://cloudresourcemanager.googleapis.com/v1/projects/vitech-chat-app:testIamPermissions 200
[debug] [2023-03-06T18:01:11.248Z] <<< [apiv2][body] POST https://cloudresourcemanager.googleapis.com/v1/projects/vitech-chat-app:testIamPermissions {"permissions":["firebase.projects.get"]}
[debug] [2023-03-06T18:01:11.249Z] >>> [apiv2][query] GET https://serviceusage.googleapis.com/v1/projects/vitech-chat-app/services/cloudfunctions.googleapis.com [none]
[debug] [2023-03-06T18:01:11.249Z] >>> [apiv2][(partial)header] GET https://serviceusage.googleapis.com/v1/projects/vitech-chat-app/services/cloudfunctions.googleapis.com x-goog-quota-user=projects/vitech-chat-app
[debug] [2023-03-06T18:01:11.252Z] >>> [apiv2][query] GET https://serviceusage.googleapis.com/v1/projects/vitech-chat-app/services/runtimeconfig.googleapis.com [none]
[debug] [2023-03-06T18:01:11.253Z] >>> [apiv2][(partial)header] GET https://serviceusage.googleapis.com/v1/projects/vitech-chat-app/services/runtimeconfig.googleapis.com x-goog-quota-user=projects/vitech-chat-app
[debug] [2023-03-06T18:01:12.297Z] <<< [apiv2][status] GET https://serviceusage.googleapis.com/v1/projects/vitech-chat-app/services/cloudfunctions.googleapis.com 200
[debug] [2023-03-06T18:01:12.298Z] <<< [apiv2][body] GET https://serviceusage.googleapis.com/v1/projects/vitech-chat-app/services/cloudfunctions.googleapis.com [omitted]
[debug] [2023-03-06T18:01:12.300Z] <<< [apiv2][status] GET https://serviceusage.googleapis.com/v1/projects/vitech-chat-app/services/runtimeconfig.googleapis.com 200
[debug] [2023-03-06T18:01:12.300Z] <<< [apiv2][body] GET https://serviceusage.googleapis.com/v1/projects/vitech-chat-app/services/runtimeconfig.googleapis.com [omitted]
[info] 
Detected existing codebase(s): default

[info] 
Overwriting codebase default...

[info] ✔  Wrote functions/package.json 
[info] ✔  Wrote functions/.eslintrc.js 
[info] ✔  Wrote functions/index.js 
[info] ✔  Wrote functions/.gitignore 
[info] 
=== Hosting Setup
[info] 
[info] Your public directory is the folder (relative to your project directory) that
[info] will contain Hosting assets to be uploaded with firebase deploy. If you
[info] have a build process for your assets, use your build's output directory.
[info] 
[debug] [2023-03-06T18:01:47.243Z] >>> [apiv2][query] GET https://www.gstatic.com/firebasejs/releases.json [none]
[debug] [2023-03-06T18:01:47.400Z] <<< [apiv2][status] GET https://www.gstatic.com/firebasejs/releases.json 200
[debug] [2023-03-06T18:01:47.400Z] <<< [apiv2][body] GET https://www.gstatic.com/firebasejs/releases.json {"current":{"version":"9.17.2","browserURL":"https://www.gstatic.com/firebasejs/9.17.2/firebase.js","packageURL":"https://www.gstatic.com/firebasejs/9.17.2/firebase.tgz"},"live":{"version":"9.17","browserURL":"https://www.gstatic.com/firebasejs/live/9.17/firebase.js","packageURL":"https://www.gstatic.com/firebasejs/live/9.17/firebase.tgz"},"components":{"analytics":"https://www.gstatic.com/firebasejs/9.17.2/firebase-analytics.js","app":"https://www.gstatic.com/firebasejs/9.17.2/firebase-app.js","app-check":"https://www.gstatic.com/firebasejs/9.17.2/firebase-app-check.js","auth":"https://www.gstatic.com/firebasejs/9.17.2/firebase-auth.js","auth/cordova":"https://www.gstatic.com/firebasejs/9.17.2/firebase-auth/cordova.js","auth/react-native":"https://www.gstatic.com/firebasejs/9.17.2/firebase-auth/react-native.js","functions":"https://www.gstatic.com/firebasejs/9.17.2/firebase-functions.js","firestore":"https://www.gstatic.com/firebasejs/9.17.2/firebase-firestore.js","firestore/lite":"https://www.gstatic.com/firebasejs/9.17.2/firebase-firestore/lite.js","installations":"https://www.gstatic.com/firebasejs/9.17.2/firebase-installations.js","storage":"https://www.gstatic.com/firebasejs/9.17.2/firebase-storage.js","performance":"https://www.gstatic.com/firebasejs/9.17.2/firebase-performance.js","remote-config":"https://www.gstatic.com/firebasejs/9.17.2/firebase-remote-config.js","messaging":"https://www.gstatic.com/firebasejs/9.17.2/firebase-messaging.js","messaging/sw":"https://www.gstatic.com/firebasejs/9.17.2/firebase-messaging/sw.js","database":"https://www.gstatic.com/firebasejs/9.17.2/firebase-database.js","firestore.memory":"https://www.gstatic.com/firebasejs/9.17.2/firebase-firestore.memory.js"}}
[info] ✔  Wrote public/index.html 
[info] 
[info] i  Didn't detect a .git folder. Assuming /home/user/learnprojects/vitechchatapp is the project root. 
[info] i  Authorizing with GitHub to upload your service account to a GitHub repository's secrets store. 
[info] 
[info] Visit this URL on this device to log in:
[info] https://github.com/login/oauth/authorize?client_id=89cf50f02ac6aaed3484&state=1063151727&redirect_uri=http%3A%2F%2Flocalhost%3A9005&scope=read%3Auser%20repo%20public_repo
[info] 
[info] Waiting for authentication...
[debug] [2023-03-06T18:02:37.099Z] >>> [apiv2][query] POST https://github.com/login/oauth/access_token [none]
[debug] [2023-03-06T18:02:37.099Z] >>> [apiv2][body] POST https://github.com/login/oauth/access_token [stream]
[debug] [2023-03-06T18:02:37.592Z] <<< [apiv2][status] POST https://github.com/login/oauth/access_token 200
[debug] [2023-03-06T18:02:37.593Z] <<< [apiv2][body] POST https://github.com/login/oauth/access_token {"access_token":"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","token_type":"bearer","scope":"read:user,repo"}
[debug] [2023-03-06T18:02:37.615Z] >>> [apiv2][query] GET https://api.github.com/user [none]
[debug] [2023-03-06T18:02:38.225Z] <<< [apiv2][status] GET https://api.github.com/user 200
[debug] [2023-03-06T18:02:38.225Z] <<< [apiv2][body] GET https://api.github.com/user {"login":"Dofas","id":32168254,"node_id":"MDQ6VXNlcjMyMTY4MjU0","avatar_url":"https://avatars.githubusercontent.com/u/32168254?v=4","gravatar_id":"","url":"https://api.github.com/users/Dofas","html_url":"https://github.com/Dofas","followers_url":"https://api.github.com/users/Dofas/followers","following_url":"https://api.github.com/users/Dofas/following{/other_user}","gists_url":"https://api.github.com/users/Dofas/gists{/gist_id}","starred_url":"https://api.github.com/users/Dofas/starred{/owner}{/repo}","subscriptions_url":"https://api.github.com/users/Dofas/subscriptions","organizations_url":"https://api.github.com/users/Dofas/orgs","repos_url":"https://api.github.com/users/Dofas/repos","events_url":"https://api.github.com/users/Dofas/events{/privacy}","received_events_url":"https://api.github.com/users/Dofas/received_events","type":"User","site_admin":false,"name":"Yevhen Liuklian","company":null,"blog":"","location":null,"email":null,"hireable":null,"bio":null,"twitter_username":null,"public_repos":9,"public_gists":0,"followers":0,"following":0,"created_at":"2017-09-21T13:27:01Z","updated_at":"2023-01-11T12:28:25Z","private_gists":0,"total_private_repos":0,"owned_private_repos":0,"disk_usage":16497,"collaborators":0,"two_factor_authentication":false,"plan":{"name":"free","space":976562499,"collaborators":0,"private_repos":10000}}
[info] 
[info] ✔  Success! Logged into GitHub as Dofas 
[info] 
